app/manifest-merger-release-report.txt
-- Merging decision tree log ---
manifest
ADDED from AndroidManifest.xml:2:1
	package
		ADDED from AndroidManifest.xml:4:5
		INJECTED from AndroidManifest.xml:0:0
		INJECTED from AndroidManifest.xml:0:0
	android:versionName
		INJECTED from AndroidManifest.xml:0:0
		INJECTED from AndroidManifest.xml:0:0
	xmlns:tools
		ADDED from AndroidManifest.xml:3:5
	xmlns:android
		ADDED from AndroidManifest.xml:2:11
	android:versionCode
		INJECTED from AndroidManifest.xml:0:0
		INJECTED from AndroidManifest.xml:0:0
uses-permission#android.permission.GET_ACCOUNTS
ADDED from AndroidManifest.xml:6:5
	android:name
		ADDED from AndroidManifest.xml:6:22
uses-permission#android.permission.READ_CONTACTS
ADDED from AndroidManifest.xml:7:5
	android:name
		ADDED from AndroidManifest.xml:7:22
uses-permission#android.permission.SEND_SMS
ADDED from AndroidManifest.xml:8:5
	android:name
		ADDED from AndroidManifest.xml:8:22
uses-permission#com.android.vending.BILLING
ADDED from AndroidManifest.xml:9:5
	android:name
		ADDED from AndroidManifest.xml:9:22
application
ADDED from AndroidManifest.xml:11:5
MERGED from com.android.support:appcompat-v7:21.0.3:16:5
MERGED from com.android.support:support-v4:21.0.3:16:5
MERGED from com.android.support:recyclerview-v7:21.0.3:17:5
MERGED from com.android.support:support-v4:21.0.3:16:5
MERGED from com.android.support:cardview-v7:21.0.3:16:5
MERGED from com.github.satyan:sugar:1.3:11:5
MERGED from com.github.navasmdc:MaterialDesign:1.4:11:5
MERGED from com.android.support:support-v4:21.0.3:16:5
MERGED from com.getbase:floatingactionbutton:1.6.0:12:5
MERGED from com.marvinlabs:android-floatinglabel-widgets:1.5.0:11:5
MERGED from net.danlew:android.joda:2.7.0:11:5
MERGED from com.github.gabrielemariotti.changeloglib:library:1.5.2:11:5
	android:label
		ADDED from AndroidManifest.xml:16:9
	android:allowBackup
		ADDED from AndroidManifest.xml:14:9
	android:icon
		ADDED from AndroidManifest.xml:15:9
		REJECTED from com.github.satyan:sugar:1.3:13:9
	android:theme
		ADDED from AndroidManifest.xml:17:9
	tools:replace
		ADDED from AndroidManifest.xml:12:9
	android:name
		ADDED from AndroidManifest.xml:13:9
meta-data#DATABASE
ADDED from AndroidManifest.xml:18:9
	android:value
		ADDED from AndroidManifest.xml:20:13
	android:name
		ADDED from AndroidManifest.xml:19:13
meta-data#VERSION
ADDED from AndroidManifest.xml:21:9
	android:value
		ADDED from AndroidManifest.xml:23:13
	android:name
		ADDED from AndroidManifest.xml:22:13
meta-data#QUERY_LOG
ADDED from AndroidManifest.xml:24:9
	android:value
		ADDED from AndroidManifest.xml:26:13
	android:name
		ADDED from AndroidManifest.xml:25:13
meta-data#DOMAIN_PACKAGE_NAME
ADDED from AndroidManifest.xml:27:9
	android:value
		ADDED from AndroidManifest.xml:29:13
	android:name
		ADDED from AndroidManifest.xml:28:13
activity#com.dallinc.masstext.MainActivity
ADDED from AndroidManifest.xml:31:9
	android:screenOrientation
		ADDED from AndroidManifest.xml:34:13
	android:label
		ADDED from AndroidManifest.xml:33:13
	android:name
		ADDED from AndroidManifest.xml:32:13
intent-filter#android.intent.action.MAIN+android.intent.category.LAUNCHER
ADDED from AndroidManifest.xml:35:13
action#android.intent.action.MAIN
ADDED from AndroidManifest.xml:36:17
	android:name
		ADDED from AndroidManifest.xml:36:25
category#android.intent.category.LAUNCHER
ADDED from AndroidManifest.xml:38:17
	android:name
		ADDED from AndroidManifest.xml:38:27
activity#com.dallinc.masstext.SettingsActivity
ADDED from AndroidManifest.xml:41:9
	android:screenOrientation
		ADDED from AndroidManifest.xml:45:13
	android:label
		ADDED from AndroidManifest.xml:43:13
	android:parentActivityName
		ADDED from AndroidManifest.xml:44:13
	android:name
		ADDED from AndroidManifest.xml:42:13
meta-data#android.support.PARENT_ACTIVITY
ADDED from AndroidManifest.xml:46:13
	android:value
		ADDED from AndroidManifest.xml:48:17
	android:name
		ADDED from AndroidManifest.xml:47:17
activity#com.dallinc.masstext.templates.EditTemplate
ADDED from AndroidManifest.xml:50:9
	android:screenOrientation
		ADDED from AndroidManifest.xml:54:13
	android:label
		ADDED from AndroidManifest.xml:52:13
	android:parentActivityName
		ADDED from AndroidManifest.xml:53:13
	android:name
		ADDED from AndroidManifest.xml:51:13
activity#com.dallinc.masstext.messaging.Compose
ADDED from AndroidManifest.xml:59:9
	android:screenOrientation
		ADDED from AndroidManifest.xml:63:13
	android:label
		ADDED from AndroidManifest.xml:61:13
	android:parentActivityName
		ADDED from AndroidManifest.xml:62:13
	android:name
		ADDED from AndroidManifest.xml:60:13
activity#contactpicker.ContactManager
ADDED from AndroidManifest.xml:68:9
	android:screenOrientation
		ADDED from AndroidManifest.xml:72:13
	android:label
		ADDED from AndroidManifest.xml:71:13
	android:configChanges
		ADDED from AndroidManifest.xml:70:13
	android:theme
		ADDED from AndroidManifest.xml:73:13
	android:name
		ADDED from AndroidManifest.xml:69:13
service#com.dallinc.masstext.messaging.SendSMS
ADDED from AndroidManifest.xml:76:9
	android:exported
		ADDED from AndroidManifest.xml:78:13
	android:name
		ADDED from AndroidManifest.xml:77:13
activity#com.dallinc.masstext.messaging.SentMessageDetails
ADDED from AndroidManifest.xml:81:9
	android:screenOrientation
		ADDED from AndroidManifest.xml:85:13
	android:label
		ADDED from AndroidManifest.xml:83:13
	android:parentActivityName
		ADDED from AndroidManifest.xml:84:13
	android:name
		ADDED from AndroidManifest.xml:82:13
activity#com.dallinc.masstext.Donate
ADDED from AndroidManifest.xml:90:9
	android:screenOrientation
		ADDED from AndroidManifest.xml:94:13
	android:label
		ADDED from AndroidManifest.xml:92:13
	android:parentActivityName
		ADDED from AndroidManifest.xml:93:13
	android:name
		ADDED from AndroidManifest.xml:91:13
activity#com.dallinc.masstext.FAQs
ADDED from AndroidManifest.xml:99:9
	android:screenOrientation
		ADDED from AndroidManifest.xml:103:13
	android:label
		ADDED from AndroidManifest.xml:101:13
	android:parentActivityName
		ADDED from AndroidManifest.xml:102:13
	android:name
		ADDED from AndroidManifest.xml:100:13
uses-sdk
INJECTED from AndroidManifest.xml:0:0 reason: use-sdk injection requested
MERGED from com.android.support:appcompat-v7:21.0.3:15:5
MERGED from com.android.support:support-v4:21.0.3:15:5
MERGED from com.android.support:recyclerview-v7:21.0.3:15:5
MERGED from com.android.support:support-v4:21.0.3:15:5
MERGED from com.android.support:cardview-v7:21.0.3:15:5
MERGED from com.github.satyan:sugar:1.3:7:5
MERGED from com.github.navasmdc:MaterialDesign:1.4:7:5
MERGED from com.android.support:support-v4:21.0.3:15:5
MERGED from com.getbase:floatingactionbutton:1.6.0:8:5
MERGED from com.marvinlabs:android-floatinglabel-widgets:1.5.0:7:5
MERGED from net.danlew:android.joda:2.7.0:7:5
MERGED from com.github.gabrielemariotti.changeloglib:library:1.5.2:7:5
	android:targetSdkVersion
		INJECTED from AndroidManifest.xml:0:0
		INJECTED from AndroidManifest.xml:0:0
	android:minSdkVersion
		INJECTED from AndroidManifest.xml:0:0
		INJECTED from AndroidManifest.xml:0:0
activity#android.support.v7.widget.TestActivity
ADDED from com.android.support:recyclerview-v7:21.0.3:18:9
	android:label
		ADDED from com.android.support:recyclerview-v7:21.0.3:18:19
	android:name
		ADDED from com.android.support:recyclerview-v7:21.0.3:18:60